<?xml version="1.0" encoding="utf-8"?><testsuites name="pytest tests"><testsuite name="pytest" errors="0" failures="0" skipped="0" tests="5" time="1.753" timestamp="2026-05-10T16:37:17.314644+00:00" hostname="agent-env-abceb28f-9aca-4a43-aa15-c8bc7e49e7b1"><testcase classname="backend.tests.test_iter6_critical_bugs.TestICalOverlap" name="test_booking_overlap_with_ical_rejected" time="0.363" /><testcase classname="backend.tests.test_iter6_critical_bugs.TestICalOverlap" name="test_booking_fully_inside_ical_block_rejected" time="0.105" /><testcase classname="backend.tests.test_iter6_critical_bugs.TestICalOverlap" name="test_booking_after_ical_block_succeeds" time="0.169" /><testcase classname="backend.tests.test_iter6_critical_bugs.TestDepositZeroGuard" name="test_deposit_with_zero_amount_returns_400" time="0.276" /><testcase classname="backend.tests.test_iter6_critical_bugs.TestFullStripeRegression" name="test_full_payment_returns_checkout_url" time="0.716" /></testsuite></testsuites>