<?xml version="1.0" encoding="utf-8"?><testsuites name="pytest tests"><testsuite name="pytest" errors="0" failures="0" skipped="0" tests="36" time="7.321" timestamp="2026-04-30T12:15:22.398613+00:00" hostname="agent-env-abceb28f-9aca-4a43-aa15-c8bc7e49e7b1"><testcase classname="backend.tests.backend_test.TestAuthRebrand" name="test_admin_login_success" time="0.489" /><testcase classname="backend.tests.backend_test.TestAuthRebrand" name="test_admin_me" time="0.118" /><testcase classname="backend.tests.backend_test.TestAuthRebrand" name="test_old_admin_removed" time="0.150" /><testcase classname="backend.tests.backend_test.TestProperties" name="test_list_properties_has_5" time="0.106" /><testcase classname="backend.tests.backend_test.TestICalSync" name="test_create_sync_requires_admin" time="0.283" /><testcase classname="backend.tests.backend_test.TestICalSync" name="test_create_sync" time="0.358" /><testcase classname="backend.tests.backend_test.TestICalSync" name="test_list_all_syncs" time="0.099" /><testcase classname="backend.tests.backend_test.TestICalSync" name="test_manual_run_sync" time="0.251" /><testcase classname="backend.tests.backend_test.TestICalSync" name="test_run_sync_404" time="0.142" /><testcase classname="backend.tests.backend_test.TestICalSync" name="test_availability_shape" time="0.110" /><testcase classname="backend.tests.backend_test.TestICalSync" name="test_delete_sync" time="0.128" /><testcase classname="backend.tests.backend_test.TestICalSync" name="test_delete_sync_404" time="0.098" /><testcase classname="backend.tests.backend_test.TestICalExport" name="test_export_ics_public" time="0.247" /><testcase classname="backend.tests.backend_test.TestICalExport" name="test_export_ics_unknown_property" time="0.111" /><testcase classname="backend.tests.backend_test.TestGuestDocuments" name="test_upload_document_unknown_booking" time="0.164" /><testcase classname="backend.tests.backend_test.TestGuestDocuments" name="test_upload_document_unsupported_type" time="0.134" /><testcase classname="backend.tests.backend_test.TestGuestDocuments" name="test_upload_document_png" time="0.247" /><testcase classname="backend.tests.backend_test.TestGuestDocuments" name="test_upload_document_pdf" time="0.214" /><testcase classname="backend.tests.backend_test.TestGuestDocuments" name="test_list_documents_has_uploads" time="0.107" /><testcase classname="backend.tests.backend_test.TestGuestDocuments" name="test_admin_download_document" time="0.566" /><testcase classname="backend.tests.backend_test.TestGuestDocuments" name="test_admin_download_requires_admin" time="0.138" /><testcase classname="backend.tests.backend_test.TestGuestDocuments" name="test_admin_soft_delete" time="0.235" /><testcase classname="backend.tests.backend_test.TestGuestDocuments" name="test_admin_soft_delete_404" time="0.108" /><testcase classname="backend.tests.backend_test.TestPropertyImages" name="test_upload_image_requires_admin" time="0.108" /><testcase classname="backend.tests.backend_test.TestPropertyImages" name="test_upload_image_rejects_text" time="0.111" /><testcase classname="backend.tests.backend_test.TestPropertyImages" name="test_upload_image_too_large" time="0.536" /><testcase classname="backend.tests.backend_test.TestPropertyImages" name="test_upload_image_png_success" time="0.245" /><testcase classname="backend.tests.backend_test.TestPropertyImages" name="test_public_image_fetch_ok" time="0.226" /><testcase classname="backend.tests.backend_test.TestPropertyImages" name="test_public_image_fetch_unknown_404" time="0.142" /><testcase classname="backend.tests.backend_test.TestPropertyCRUD" name="test_create_property_requires_admin" time="0.108" /><testcase classname="backend.tests.backend_test.TestPropertyCRUD" name="test_create_property" time="0.205" /><testcase classname="backend.tests.backend_test.TestPropertyCRUD" name="test_update_property" time="0.361" /><testcase classname="backend.tests.backend_test.TestPropertyCRUD" name="test_update_property_404" time="0.114" /><testcase classname="backend.tests.backend_test.TestPropertyCRUD" name="test_delete_property" time="0.243" /><testcase classname="backend.tests.backend_test.TestPropertyCRUD" name="test_delete_property_404" time="0.103" /><testcase classname="backend.tests.backend_test.TestPropertyCRUD" name="test_seeded_properties_intact" time="0.108" /></testsuite></testsuites>