<?xml version="1.0" encoding="utf-8"?><testsuites name="pytest tests"><testsuite name="pytest" errors="0" failures="0" skipped="0" tests="23" time="4.084" timestamp="2026-04-30T10:30:29.351117+00:00" hostname="agent-env-abceb28f-9aca-4a43-aa15-c8bc7e49e7b1"><testcase classname="backend.tests.backend_test.TestAuthRebrand" name="test_admin_login_success" time="0.406" /><testcase classname="backend.tests.backend_test.TestAuthRebrand" name="test_admin_me" time="0.136" /><testcase classname="backend.tests.backend_test.TestAuthRebrand" name="test_old_admin_removed" time="0.116" /><testcase classname="backend.tests.backend_test.TestProperties" name="test_list_properties_has_5" time="0.103" /><testcase classname="backend.tests.backend_test.TestICalSync" name="test_create_sync_requires_admin" time="0.237" /><testcase classname="backend.tests.backend_test.TestICalSync" name="test_create_sync" time="0.385" /><testcase classname="backend.tests.backend_test.TestICalSync" name="test_list_all_syncs" time="0.138" /><testcase classname="backend.tests.backend_test.TestICalSync" name="test_manual_run_sync" time="0.273" /><testcase classname="backend.tests.backend_test.TestICalSync" name="test_run_sync_404" time="0.097" /><testcase classname="backend.tests.backend_test.TestICalSync" name="test_availability_shape" time="0.111" /><testcase classname="backend.tests.backend_test.TestICalSync" name="test_delete_sync" time="0.096" /><testcase classname="backend.tests.backend_test.TestICalSync" name="test_delete_sync_404" time="0.103" /><testcase classname="backend.tests.backend_test.TestICalExport" name="test_export_ics_public" time="0.219" /><testcase classname="backend.tests.backend_test.TestICalExport" name="test_export_ics_unknown_property" time="0.114" /><testcase classname="backend.tests.backend_test.TestGuestDocuments" name="test_upload_document_unknown_booking" time="0.119" /><testcase classname="backend.tests.backend_test.TestGuestDocuments" name="test_upload_document_unsupported_type" time="0.113" /><testcase classname="backend.tests.backend_test.TestGuestDocuments" name="test_upload_document_png" time="0.262" /><testcase classname="backend.tests.backend_test.TestGuestDocuments" name="test_upload_document_pdf" time="0.222" /><testcase classname="backend.tests.backend_test.TestGuestDocuments" name="test_list_documents_has_uploads" time="0.118" /><testcase classname="backend.tests.backend_test.TestGuestDocuments" name="test_admin_download_document" time="0.205" /><testcase classname="backend.tests.backend_test.TestGuestDocuments" name="test_admin_download_requires_admin" time="0.121" /><testcase classname="backend.tests.backend_test.TestGuestDocuments" name="test_admin_soft_delete" time="0.212" /><testcase classname="backend.tests.backend_test.TestGuestDocuments" name="test_admin_soft_delete_404" time="0.102" /></testsuite></testsuites>